2026-03-12 19:52:51.816 [main] ERROR org.springframework.boot.diagnostics.LoggingFailureAnalysisReporter - 

***************************
APPLICATION FAILED TO START
***************************

Description:

Field notificationService in com.rev.app.controller.GlobalControllerAdvice required a bean of type 'com.rev.app.service.Interface.INotificationService' that could not be found.

The injection point has the following annotations:
	- @org.springframework.beans.factory.annotation.Autowired(required=true)


Action:

Consider defining a bean of type 'com.rev.app.service.Interface.INotificationService' in your configuration.

2026-03-12 19:53:12.902 [main] ERROR org.springframework.boot.diagnostics.LoggingFailureAnalysisReporter - 

***************************
APPLICATION FAILED TO START
***************************

Description:

Field notificationService in com.rev.app.controller.GlobalControllerAdvice required a bean of type 'com.rev.app.service.Interface.INotificationService' that could not be found.

The injection point has the following annotations:
	- @org.springframework.beans.factory.annotation.Autowired(required=true)


Action:

Consider defining a bean of type 'com.rev.app.service.Interface.INotificationService' in your configuration.

2026-03-12 20:03:12.343 [main] ERROR org.springframework.boot.diagnostics.LoggingFailureAnalysisReporter - 

***************************
APPLICATION FAILED TO START
***************************

Description:

Field notificationService in com.rev.app.controller.GlobalControllerAdvice required a bean of type 'com.rev.app.service.Interface.INotificationService' that could not be found.

The injection point has the following annotations:
	- @org.springframework.beans.factory.annotation.Autowired(required=true)


Action:

Consider defining a bean of type 'com.rev.app.service.Interface.INotificationService' in your configuration.

2026-03-12 20:03:20.672 [main] ERROR org.springframework.boot.diagnostics.LoggingFailureAnalysisReporter - 

***************************
APPLICATION FAILED TO START
***************************

Description:

Field notificationService in com.rev.app.controller.GlobalControllerAdvice required a bean of type 'com.rev.app.service.Interface.INotificationService' that could not be found.

The injection point has the following annotations:
	- @org.springframework.beans.factory.annotation.Autowired(required=true)


Action:

Consider defining a bean of type 'com.rev.app.service.Interface.INotificationService' in your configuration.

2026-03-12 20:08:28.130 [main] ERROR org.springframework.boot.diagnostics.LoggingFailureAnalysisReporter - 

***************************
APPLICATION FAILED TO START
***************************

Description:

Field notificationService in com.rev.app.controller.GlobalControllerAdvice required a bean of type 'com.rev.app.service.Interface.INotificationService' that could not be found.

The injection point has the following annotations:
	- @org.springframework.beans.factory.annotation.Autowired(required=true)


Action:

Consider defining a bean of type 'com.rev.app.service.Interface.INotificationService' in your configuration.

2026-03-12 20:11:20.901 [main] ERROR com.rev.app.controller.AuthController - Registration failed for user test@example.com: Email already exists
2026-03-12 20:17:11.898 [main] ERROR com.rev.app.controller.AuthController - Registration failed for user test@example.com: Email already exists
2026-03-12 21:12:39.231 [main] ERROR com.rev.app.controller.AuthController - Registration failed for user test@example.com: Email already exists
